<?xml version="1.0" encoding="UTF-8"?>
<!-- Generated by org.testng.reporters.JUnitXMLReporter -->
<testsuite ignored="1" hostname="Mac" failures="0" tests="1" name="Default test" time="1.189" errors="0" timestamp="2025-10-04T23:09:26 IST">
  <testcase classname="com.test.booker.herokuapp.BookingAPITest" name="createBookingTest" time="1.001"/>
  <testcase classname="com.test.booker.herokuapp.BookingAPITest" name="createBookingWithJsonTest" time="0.0">
    <ignored/>
  </testcase> <!-- createBookingWithJsonTest -->
</testsuite> <!-- Default test -->
