<?xml version="1.0" encoding="UTF-8"?>
<!-- Generated by org.testng.reporters.JUnitXMLReporter -->
<testsuite ignored="0" hostname="Mac" failures="1" tests="6" name="Test" time="4.857" errors="0" timestamp="2025-10-05T01:30:14 IST">
  <testcase classname="com.test.booker.herokuapp.BookingAPITest" name="createBookingWithJsonTest" time="0.943"/>
  <testcase classname="com.test.booker.herokuapp.BookingAPITest" name="createBookingTest" time="0.857"/>
  <testcase classname="com.test.booker.herokuapp.BookingAPITest" name="updateBooking" time="1.138"/>
  <testcase classname="com.test.booker.herokuapp.BookingAPITest" name="deleteBooking" time="0.584">
    <skipped/>
  </testcase> <!-- deleteBooking -->
  <testcase classname="com.test.booker.herokuapp.BookingAPITest" name="deleteBooking" time="0.559">
    <skipped/>
  </testcase> <!-- deleteBooking -->
  <testcase classname="com.test.booker.herokuapp.BookingAPITest" name="deleteBooking" time="0.559">
    <failure type="java.lang.AssertionError" message="Response code mismatch expected [200] but found [405]">
      <![CDATA[java.lang.AssertionError: Response code mismatch expected [200] but found [405]
at com.test.booker.herokuapp.BookingAPITest.deleteBooking(BookingAPITest.java:72)
at java.base/java.util.ArrayList.forEach(ArrayList.java:1597)
... Removed 31 stack frames]]>
    </failure>
  </testcase> <!-- deleteBooking -->
</testsuite> <!-- Test -->
