<?xml version="1.0" encoding="UTF-8"?>
<!-- Generated by org.testng.reporters.JUnitXMLReporter -->
<testsuite ignored="0" hostname="Mac" failures="0" tests="4" name="Test" time="3.664" errors="0" timestamp="2025-10-05T01:57:05 IST">
  <testcase classname="com.test.booker.herokuapp.BookingAPITest" name="createBookingWithJsonTest" time="0.947"/>
  <testcase classname="com.test.booker.herokuapp.BookingAPITest" name="createBookingTest" time="0.839"/>
  <testcase classname="com.test.booker.herokuapp.BookingAPITest" name="updateBooking" time="1.12"/>
  <testcase classname="com.test.booker.herokuapp.BookingAPITest" name="deleteBooking" time="0.566"/>
</testsuite> <!-- Test -->
