<?xml version="1.0" encoding="UTF-8"?>
<testsuite xmlns:xsi="http://www.w3.org/2001/XMLSchema-instance" xsi:noNamespaceSchemaLocation="https://maven.apache.org/surefire/maven-surefire-plugin/xsd/surefire-test-report.xsd" version="3.0.2" name="TestSuite" time="9.035" tests="4" errors="0" skipped="0" failures="0">
  <properties>
[...]
</properties>
  <testcase name="createBookingWithJsonTest" classname="com.test.booker.herokuapp.BookingAPITest" time="0.948">
    <system-out><![CDATA[Request method:	POST
Request URI:	https://restful-booker.herokuapp.com/booking
Proxy:			<none>
Request params:	<none>
Query params:	<none>
Form params:	<none>
Path params:	<none>
Headers:		Accept=*/*
				Content-Type=application/json
Cookies:		<none>
Multiparts:		<none>
Body:
./src/test/resources/jsondata/CreateBooking.json
HTTP/1.1 200 OK
Content-Length: 198
Content-Type: application/json; charset=utf-8
Date: Sun, 05 Oct 2025 00:56:57 GMT
Etag: W/"c6-uD/EOrtKsIjAiH+BcqZib6jBi9Q"
Nel: {"report_to":"heroku-nel","response_headers":["Via"],"max_age":3600,"success_fraction":0.01,"failure_fraction":0.1}
Report-To: {"group":"heroku-nel","endpoints":[{"url":"https://nel.heroku.com/reports?s=H%2F503%2FaquLvtUZxaC03MzoUWMXHa02uZ422KuxNy0LE%3D\u0026sid=c46efe9b-d3d2-4a0c-8c76-bfafa16c5add\u0026ts=1759625817"}],"max_age":3600}
Reporting-Endpoints: heroku-nel="https://nel.heroku.com/reports?s=H%2F503%2FaquLvtUZxaC03MzoUWMXHa02uZ422KuxNy0LE%3D&sid=c46efe9b-d3d2-4a0c-8c76-bfafa16c5add&ts=1759625817"
Server: Heroku
Via: 1.1 heroku-router
X-Powered-By: Express

{
    "bookingid": 3106,
    "booking": {
        "firstname": "Aadu",
        "lastname": "Brown",
        "totalprice": 111,
        "depositpaid": true,
        "bookingdates": {
            "checkin": "2018-01-01",
            "checkout": "2019-01-01"
        },
        "additionalneeds": "Breakfast"
    }
}
]]></system-out>
    <system-err><![CDATA[SLF4J(W): No SLF4J providers were found.
SLF4J(W): Defaulting to no-operation (NOP) logger implementation
SLF4J(W): See https://www.slf4j.org/codes.html#noProviders for further details.
]]></system-err>
  </testcase>
  <testcase name="createBookingTest" classname="com.test.booker.herokuapp.BookingAPITest" time="0.838">
    <system-out><![CDATA[Request method:	POST
Request URI:	https://restful-booker.herokuapp.com/booking
Proxy:			<none>
Request params:	<none>
Query params:	<none>
Form params:	<none>
Path params:	<none>
Headers:		Accept=*/*
				Content-Type=application/json
Cookies:		<none>
Multiparts:		<none>
Body:
{
    "firstname": "Aparajeeta",
    "lastname": "anjanj",
    "totalprice": 1000,
    "depositpaid": true,
    "additionalneeds": "Breakfast",
    "bookingdates": {
        "checkin": "2025-11-01",
        "checkout": "2025-12-01"
    }
}
HTTP/1.1 200 OK
Content-Length: 206
Content-Type: application/json; charset=utf-8
Date: Sun, 05 Oct 2025 00:56:58 GMT
Etag: W/"ce-lIhU6bcM/u2LvNNICeBV5tT2nao"
Nel: {"report_to":"heroku-nel","response_headers":["Via"],"max_age":3600,"success_fraction":0.01,"failure_fraction":0.1}
Report-To: {"group":"heroku-nel","endpoints":[{"url":"https://nel.heroku.com/reports?s=amddEyBKQZ28eIV0NdiL48uAZzqGQrIwAIEAEmh4AQ8%3D\u0026sid=c46efe9b-d3d2-4a0c-8c76-bfafa16c5add\u0026ts=1759625818"}],"max_age":3600}
Reporting-Endpoints: heroku-nel="https://nel.heroku.com/reports?s=amddEyBKQZ28eIV0NdiL48uAZzqGQrIwAIEAEmh4AQ8%3D&sid=c46efe9b-d3d2-4a0c-8c76-bfafa16c5add&ts=1759625818"
Server: Heroku
Via: 1.1 heroku-router
X-Powered-By: Express

{
    "bookingid": 3117,
    "booking": {
        "firstname": "Aparajeeta",
        "lastname": "anjanj",
        "totalprice": 1000,
        "depositpaid": true,
        "bookingdates": {
            "checkin": "2025-11-01",
            "checkout": "2025-12-01"
        },
        "additionalneeds": "Breakfast"
    }
}
Booking Is id::3117
]]></system-out>
  </testcase>
  <testcase name="updateBooking" classname="com.test.booker.herokuapp.BookingAPITest" time="1.121">
    <system-out><![CDATA[Request method:	PUT
Request URI:	https://restful-booker.herokuapp.com/booking/3117
Proxy:			<none>
Request params:	<none>
Query params:	<none>
Form params:	<none>
Path params:	id=3117
Headers:		Cookie=token=ac5891510465bee
				Accept=application/json
				Content-Type=application/json
Cookies:		<none>
Multiparts:		<none>
Body:
{
    "firstname": "Aiduu",
    "lastname": "Sweety",
    "totalprice": 1000,
    "depositpaid": true,
    "additionalneeds": "Breakfast",
    "bookingdates": {
        "checkin": "2025-11-01",
        "checkout": "2025-12-01"
    }
}
]]></system-out>
  </testcase>
  <testcase name="deleteBooking" classname="com.test.booker.herokuapp.BookingAPITest" time="0.566">
    <system-out><![CDATA[Request method:	DELETE
Request URI:	https://restful-booker.herokuapp.com/booking/3117
Proxy:			<none>
Request params:	<none>
Query params:	<none>
Form params:	<none>
Path params:	id=3117
Headers:		Cookie=token=ac5891510465bee
				Accept=application/json
				Content-Type=application/json
Cookies:		<none>
Multiparts:		<none>
Body:
{
    "firstname": "Aiduu",
    "lastname": "Sweety",
    "totalprice": 1000,
    "depositpaid": true,
    "additionalneeds": "Breakfast",
    "bookingdates": {
        "checkin": "2025-11-01",
        "checkout": "2025-12-01"
    }
}
]]></system-out>
  </testcase>
</testsuite>