<?xml version="1.0" encoding="UTF-8"?>
<testng-results ignored="0" total="4" passed="4" failed="0" skipped="0">
  <reporter-output>
  </reporter-output>
  <suite started-at="2025-10-05T01:56:56 IST" name="Suite" finished-at="2025-10-05T01:57:00 IST" duration-ms="3664">
    <groups>
    </groups>
    <test started-at="2025-10-05T01:56:56 IST" name="Test" finished-at="2025-10-05T01:57:00 IST" duration-ms="3664">
      <class name="com.test.booker.herokuapp.BookingAPITest">
        <test-method is-config="true" signature="setup()[pri:0, instance:com.test.booker.herokuapp.BookingAPITest@2fba3fc4]" started-at="2025-10-05T01:56:56 IST" name="setup" finished-at="2025-10-05T01:56:57 IST" duration-ms="179" status="PASS">
          <reporter-output>
          </reporter-output>
        </test-method> <!-- setup -->
        <test-method signature="createBookingWithJsonTest()[pri:0, instance:com.test.booker.herokuapp.BookingAPITest@2fba3fc4]" started-at="2025-10-05T01:56:57 IST" name="createBookingWithJsonTest" description="This test is to verify the new booking using post call" finished-at="2025-10-05T01:56:58 IST" duration-ms="947" status="PASS">
          <reporter-output>
          </reporter-output>
        </test-method> <!-- createBookingWithJsonTest -->
        <test-method signature="createBookingTest()[pri:1, instance:com.test.booker.herokuapp.BookingAPITest@2fba3fc4]" started-at="2025-10-05T01:56:58 IST" name="createBookingTest" description="This test is to verify the new booking using post call" finished-at="2025-10-05T01:56:58 IST" duration-ms="839" status="PASS">
          <reporter-output>
          </reporter-output>
        </test-method> <!-- createBookingTest -->
        <test-method signature="updateBooking()[pri:2, instance:com.test.booker.herokuapp.BookingAPITest@2fba3fc4]" started-at="2025-10-05T01:56:58 IST" name="updateBooking" description="This test is to verify the update booking api call" finished-at="2025-10-05T01:57:00 IST" duration-ms="1120" status="PASS">
          <reporter-output>
          </reporter-output>
        </test-method> <!-- updateBooking -->
        <test-method signature="deleteBooking()[pri:3, instance:com.test.booker.herokuapp.BookingAPITest@2fba3fc4]" started-at="2025-10-05T01:57:00 IST" name="deleteBooking" description="This test is to verify the update booking api call" finished-at="2025-10-05T01:57:00 IST" duration-ms="566" status="PASS">
          <reporter-output>
          </reporter-output>
        </test-method> <!-- deleteBooking -->
      </class> <!-- com.test.booker.herokuapp.BookingAPITest -->
    </test> <!-- Test -->
  </suite> <!-- Suite -->
</testng-results>
